app/build/intermediates/manifest_merge_blame_file/debug/manifest-merger-blame-debug-report.txt
1<?xml version="1.0" encoding="utf-8"?>
2<manifest xmlns:android="http://schemas.android.com/apk/res/android"
3    package="com.puj.taller03_cm"
4    android:versionCode="1"
5    android:versionName="1.0" >
6
7    <uses-sdk
8        android:minSdkVersion="29"
8-->src\main\AndroidManifest.xml
9        android:targetSdkVersion="32" />
9-->src\main\AndroidManifest.xml
10
11    <uses-permission android:name="android.permission.INTERNET" />
11-->src\main\AndroidManifest.xml:6:5-67
11-->src\main\AndroidManifest.xml:6:22-64
12    <uses-permission android:name="android.permission.CAMERA" />
12-->src\main\AndroidManifest.xml:7:5-65
12-->src\main\AndroidManifest.xml:7:22-62
13    <uses-permission android:name="android.permission.READ_EXTERNAL_STORAGE" />
13-->src\main\AndroidManifest.xml:8:5-80
13-->src\main\AndroidManifest.xml:8:22-77
14    <uses-permission android:name="android.permission.WRITE_EXTERNAL_STORAGE" />
14-->src\main\AndroidManifest.xml:9:5-81
14-->src\main\AndroidManifest.xml:9:22-78
15    <uses-permission android:name="android.permission.ACCESS_COARSE_LOCATION" />
15-->src\main\AndroidManifest.xml:10:5-81
15-->src\main\AndroidManifest.xml:10:22-78
16    <uses-permission android:name="android.permission.ACCESS_FINE_LOCATION" />
16-->src\main\AndroidManifest.xml:11:5-79
16-->src\main\AndroidManifest.xml:11:22-76
17    <uses-permission android:name="android.permission.READ_EXTERNAL_STORAGE" />
17-->src\main\AndroidManifest.xml:8:5-80
17-->src\main\AndroidManifest.xml:8:22-77
18    <uses-permission android:name="android.permission.WAKE_LOCK" />
18-->src\main\AndroidManifest.xml:13:5-68
18-->src\main\AndroidManifest.xml:13:22-65
19
20    <!-- Include required permissions for Google Maps API to run. -->
21    <uses-permission android:name="android.permission.ACCESS_NETWORK_STATE" />
21-->[com.google.android.gms:play-services-maps:18.1.0] AndroidManifest.xml:23:5-79
21-->[com.google.android.gms:play-services-maps:18.1.0] AndroidManifest.xml:23:22-76
22
23    <uses-feature
23-->[com.google.android.gms:play-services-maps:18.1.0] AndroidManifest.xml:26:5-28:35
24        android:glEsVersion="0x00020000"
24-->[com.google.android.gms:play-services-maps:18.1.0] AndroidManifest.xml:27:9-41
25        android:required="true" />
25-->[com.google.android.gms:play-services-maps:18.1.0] AndroidManifest.xml:28:9-32
26
27    <queries>
27-->[com.google.android.gms:play-services-maps:18.1.0] AndroidManifest.xml:30:5-34:15
28
29        <!-- Needs to be explicitly declared on Android R+ -->
30        <package android:name="com.google.android.apps.maps" />
30-->[com.google.android.gms:play-services-maps:18.1.0] AndroidManifest.xml:33:9-64
30-->[com.google.android.gms:play-services-maps:18.1.0] AndroidManifest.xml:33:18-61
31    </queries>
32
33    <application
33-->src\main\AndroidManifest.xml:15:5-77:19
34        android:name="com.puj.taller03_cm.App"
34-->src\main\AndroidManifest.xml:16:9-28
35        android:allowBackup="true"
35-->src\main\AndroidManifest.xml:17:9-35
36        android:appComponentFactory="androidx.core.app.CoreComponentFactory"
36-->[androidx.core:core:1.8.0] AndroidManifest.xml:24:18-86
37        android:dataExtractionRules="@xml/data_extraction_rules"
37-->src\main\AndroidManifest.xml:18:9-65
38        android:debuggable="true"
39        android:extractNativeLibs="false"
40        android:fullBackupContent="@xml/backup_rules"
40-->src\main\AndroidManifest.xml:19:9-54
41        android:icon="@mipmap/ic_launcher"
41-->src\main\AndroidManifest.xml:20:9-43
42        android:label="@string/app_name"
42-->src\main\AndroidManifest.xml:21:9-41
43        android:roundIcon="@mipmap/ic_launcher_round"
43-->src\main\AndroidManifest.xml:22:9-54
44        android:supportsRtl="true"
44-->src\main\AndroidManifest.xml:23:9-35
45        android:testOnly="true"
46        android:theme="@style/Theme.Taller03_CM" >
46-->src\main\AndroidManifest.xml:24:9-49
47        <activity
47-->src\main\AndroidManifest.xml:26:9-32:20
48            android:name="com.puj.taller03_cm.activities.CreateUserActivity"
48-->src\main\AndroidManifest.xml:27:13-58
49            android:exported="false" >
49-->src\main\AndroidManifest.xml:28:13-37
50            <meta-data
50-->src\main\AndroidManifest.xml:29:13-31:36
51                android:name="android.app.lib_name"
51-->src\main\AndroidManifest.xml:30:17-52
52                android:value="" />
52-->src\main\AndroidManifest.xml:31:17-33
53        </activity>
54        <activity
54-->src\main\AndroidManifest.xml:33:9-39:20
55            android:name="com.puj.taller03_cm.activities.AuthenticatedActivity"
55-->src\main\AndroidManifest.xml:34:13-61
56            android:exported="false" >
56-->src\main\AndroidManifest.xml:35:13-37
57            <meta-data
57-->src\main\AndroidManifest.xml:29:13-31:36
58                android:name="android.app.lib_name"
58-->src\main\AndroidManifest.xml:30:17-52
59                android:value="" />
59-->src\main\AndroidManifest.xml:31:17-33
60        </activity>
61        <activity
61-->src\main\AndroidManifest.xml:40:9-46:20
62            android:name="com.puj.taller03_cm.activities.AuthenticationActivity"
62-->src\main\AndroidManifest.xml:41:13-62
63            android:exported="false" >
63-->src\main\AndroidManifest.xml:42:13-37
64            <meta-data
64-->src\main\AndroidManifest.xml:29:13-31:36
65                android:name="android.app.lib_name"
65-->src\main\AndroidManifest.xml:30:17-52
66                android:value="" />
66-->src\main\AndroidManifest.xml:31:17-33
67        </activity>
68        <activity
68-->src\main\AndroidManifest.xml:47:9-53:20
69            android:name="com.puj.taller03_cm.activities.BasicActivity"
69-->src\main\AndroidManifest.xml:48:13-53
70            android:exported="false" >
70-->src\main\AndroidManifest.xml:49:13-37
71            <meta-data
71-->src\main\AndroidManifest.xml:29:13-31:36
72                android:name="android.app.lib_name"
72-->src\main\AndroidManifest.xml:30:17-52
73                android:value="" />
73-->src\main\AndroidManifest.xml:31:17-33
74        </activity>
75        <activity
75-->src\main\AndroidManifest.xml:54:9-62:20
76            android:name="com.puj.taller03_cm.activities.MainActivity"
76-->src\main\AndroidManifest.xml:55:13-52
77            android:exported="true" >
77-->src\main\AndroidManifest.xml:56:13-36
78            <intent-filter>
78-->src\main\AndroidManifest.xml:57:13-61:29
79                <action android:name="android.intent.action.MAIN" />
79-->src\main\AndroidManifest.xml:58:17-69
79-->src\main\AndroidManifest.xml:58:25-66
80
81                <category android:name="android.intent.category.LAUNCHER" />
81-->src\main\AndroidManifest.xml:60:17-77
81-->src\main\AndroidManifest.xml:60:27-74
82            </intent-filter>
83        </activity>
84
85        <meta-data
85-->src\main\AndroidManifest.xml:64:9-66:71
86            android:name="com.google.android.geo.API_KEY"
86-->src\main\AndroidManifest.xml:65:13-58
87            android:value="AIzaSyA6SBWvwZsDv6s-hzesv0pKG2UUyeZch24" />
87-->src\main\AndroidManifest.xml:66:13-68
88
89        <provider
89-->src\main\AndroidManifest.xml:68:9-76:20
90            android:name="androidx.core.content.FileProvider"
90-->src\main\AndroidManifest.xml:69:13-62
91            android:authorities="com.puj.android.fileprovider"
91-->src\main\AndroidManifest.xml:70:13-63
92            android:exported="false"
92-->src\main\AndroidManifest.xml:71:13-37
93            android:grantUriPermissions="true" >
93-->src\main\AndroidManifest.xml:72:13-47
94            <meta-data
94-->src\main\AndroidManifest.xml:73:13-75:54
95                android:name="android.support.FILE_PROVIDER_PATHS"
95-->src\main\AndroidManifest.xml:74:17-67
96                android:resource="@xml/file_paths" />
96-->src\main\AndroidManifest.xml:75:17-51
97        </provider>
98        <!-- Needs to be explicitly declared on P+ -->
99        <uses-library
99-->[com.google.android.gms:play-services-maps:18.1.0] AndroidManifest.xml:39:9-41:40
100            android:name="org.apache.http.legacy"
100-->[com.google.android.gms:play-services-maps:18.1.0] AndroidManifest.xml:40:13-50
101            android:required="false" />
101-->[com.google.android.gms:play-services-maps:18.1.0] AndroidManifest.xml:41:13-37
102
103        <meta-data
103-->[com.google.maps.android:android-maps-utils:0.4.4] AndroidManifest.xml:8:9-10:69
104            android:name="com.google.android.gms.version"
104-->[com.google.maps.android:android-maps-utils:0.4.4] AndroidManifest.xml:9:13-58
105            android:value="@integer/google_play_services_version" />
105-->[com.google.maps.android:android-maps-utils:0.4.4] AndroidManifest.xml:10:13-66
106
107        <activity
107-->[com.google.firebase:firebase-auth:21.1.0] AndroidManifest.xml:27:9-44:20
108            android:name="com.google.firebase.auth.internal.GenericIdpActivity"
108-->[com.google.firebase:firebase-auth:21.1.0] AndroidManifest.xml:28:13-80
109            android:excludeFromRecents="true"
109-->[com.google.firebase:firebase-auth:21.1.0] AndroidManifest.xml:29:13-46
110            android:exported="true"
110-->[com.google.firebase:firebase-auth:21.1.0] AndroidManifest.xml:30:13-36
111            android:launchMode="singleTask"
111-->[com.google.firebase:firebase-auth:21.1.0] AndroidManifest.xml:31:13-44
112            android:theme="@android:style/Theme.Translucent.NoTitleBar" >
112-->[com.google.firebase:firebase-auth:21.1.0] AndroidManifest.xml:32:13-72
113            <intent-filter>
113-->[com.google.firebase:firebase-auth:21.1.0] AndroidManifest.xml:33:13-43:29
114                <action android:name="android.intent.action.VIEW" />
114-->[com.google.firebase:firebase-auth:21.1.0] AndroidManifest.xml:34:17-69
114-->[com.google.firebase:firebase-auth:21.1.0] AndroidManifest.xml:34:25-66
115
116                <category android:name="android.intent.category.DEFAULT" />
116-->[com.google.firebase:firebase-auth:21.1.0] AndroidManifest.xml:36:17-76
116-->[com.google.firebase:firebase-auth:21.1.0] AndroidManifest.xml:36:27-73
117                <category android:name="android.intent.category.BROWSABLE" />
117-->[com.google.firebase:firebase-auth:21.1.0] AndroidManifest.xml:37:17-78
117-->[com.google.firebase:firebase-auth:21.1.0] AndroidManifest.xml:37:27-75
118
119                <data
119-->[com.google.firebase:firebase-auth:21.1.0] AndroidManifest.xml:39:17-42:51
120                    android:host="firebase.auth"
120-->[com.google.firebase:firebase-auth:21.1.0] AndroidManifest.xml:40:21-49
121                    android:path="/"
121-->[com.google.firebase:firebase-auth:21.1.0] AndroidManifest.xml:41:21-37
122                    android:scheme="genericidp" />
122-->[com.google.firebase:firebase-auth:21.1.0] AndroidManifest.xml:42:21-48
123            </intent-filter>
124        </activity>
125        <activity
125-->[com.google.firebase:firebase-auth:21.1.0] AndroidManifest.xml:45:9-62:20
126            android:name="com.google.firebase.auth.internal.RecaptchaActivity"
126-->[com.google.firebase:firebase-auth:21.1.0] AndroidManifest.xml:46:13-79
127            android:excludeFromRecents="true"
127-->[com.google.firebase:firebase-auth:21.1.0] AndroidManifest.xml:47:13-46
128            android:exported="true"
128-->[com.google.firebase:firebase-auth:21.1.0] AndroidManifest.xml:48:13-36
129            android:launchMode="singleTask"
129-->[com.google.firebase:firebase-auth:21.1.0] AndroidManifest.xml:49:13-44
130            android:theme="@android:style/Theme.Translucent.NoTitleBar" >
130-->[com.google.firebase:firebase-auth:21.1.0] AndroidManifest.xml:50:13-72
131            <intent-filter>
131-->[com.google.firebase:firebase-auth:21.1.0] AndroidManifest.xml:51:13-61:29
132                <action android:name="android.intent.action.VIEW" />
132-->[com.google.firebase:firebase-auth:21.1.0] AndroidManifest.xml:34:17-69
132-->[com.google.firebase:firebase-auth:21.1.0] AndroidManifest.xml:34:25-66
133
134                <category android:name="android.intent.category.DEFAULT" />
134-->[com.google.firebase:firebase-auth:21.1.0] AndroidManifest.xml:36:17-76
134-->[com.google.firebase:firebase-auth:21.1.0] AndroidManifest.xml:36:27-73
135                <category android:name="android.intent.category.BROWSABLE" />
135-->[com.google.firebase:firebase-auth:21.1.0] AndroidManifest.xml:37:17-78
135-->[com.google.firebase:firebase-auth:21.1.0] AndroidManifest.xml:37:27-75
136
137                <data
137-->[com.google.firebase:firebase-auth:21.1.0] AndroidManifest.xml:39:17-42:51
138                    android:host="firebase.auth"
138-->[com.google.firebase:firebase-auth:21.1.0] AndroidManifest.xml:40:21-49
139                    android:path="/"
139-->[com.google.firebase:firebase-auth:21.1.0] AndroidManifest.xml:41:21-37
140                    android:scheme="recaptcha" />
140-->[com.google.firebase:firebase-auth:21.1.0] AndroidManifest.xml:42:21-48
141            </intent-filter>
142        </activity>
143
144        <service
144-->[com.google.firebase:firebase-auth:21.1.0] AndroidManifest.xml:64:9-70:19
145            android:name="com.google.firebase.components.ComponentDiscoveryService"
145-->[com.google.firebase:firebase-auth:21.1.0] AndroidManifest.xml:65:13-84
146            android:directBootAware="true"
146-->[com.google.firebase:firebase-common:20.2.0] AndroidManifest.xml:34:13-43
147            android:exported="false" >
147-->[com.google.firebase:firebase-auth:21.1.0] AndroidManifest.xml:66:13-37
148            <meta-data
148-->[com.google.firebase:firebase-auth:21.1.0] AndroidManifest.xml:67:13-69:85
149                android:name="com.google.firebase.components:com.google.firebase.auth.FirebaseAuthRegistrar"
149-->[com.google.firebase:firebase-auth:21.1.0] AndroidManifest.xml:68:17-109
150                android:value="com.google.firebase.components.ComponentRegistrar" />
150-->[com.google.firebase:firebase-auth:21.1.0] AndroidManifest.xml:69:17-82
151            <meta-data
151-->[com.google.firebase:firebase-database:20.1.0] AndroidManifest.xml:31:13-33:85
152                android:name="com.google.firebase.components:com.google.firebase.database.DatabaseRegistrar"
152-->[com.google.firebase:firebase-database:20.1.0] AndroidManifest.xml:32:17-109
153                android:value="com.google.firebase.components.ComponentRegistrar" />
153-->[com.google.firebase:firebase-database:20.1.0] AndroidManifest.xml:33:17-82
154            <meta-data
154-->[com.google.firebase:firebase-storage:20.1.0] AndroidManifest.xml:32:13-34:85
155                android:name="com.google.firebase.components:com.google.firebase.storage.StorageRegistrar"
155-->[com.google.firebase:firebase-storage:20.1.0] AndroidManifest.xml:33:17-107
156                android:value="com.google.firebase.components.ComponentRegistrar" />
156-->[com.google.firebase:firebase-storage:20.1.0] AndroidManifest.xml:34:17-82
157        </service>
158
159        <activity
159-->[com.google.android.gms:play-services-base:18.0.1] AndroidManifest.xml:20:9-22:45
160            android:name="com.google.android.gms.common.api.GoogleApiActivity"
160-->[com.google.android.gms:play-services-base:18.0.1] AndroidManifest.xml:20:19-85
161            android:exported="false"
161-->[com.google.android.gms:play-services-base:18.0.1] AndroidManifest.xml:22:19-43
162            android:theme="@android:style/Theme.Translucent.NoTitleBar" />
162-->[com.google.android.gms:play-services-base:18.0.1] AndroidManifest.xml:21:19-78
163
164        <provider
164-->[com.google.firebase:firebase-common:20.2.0] AndroidManifest.xml:25:9-30:39
165            android:name="com.google.firebase.provider.FirebaseInitProvider"
165-->[com.google.firebase:firebase-common:20.2.0] AndroidManifest.xml:26:13-77
166            android:authorities="com.puj.taller03_cm.firebaseinitprovider"
166-->[com.google.firebase:firebase-common:20.2.0] AndroidManifest.xml:27:13-72
167            android:directBootAware="true"
167-->[com.google.firebase:firebase-common:20.2.0] AndroidManifest.xml:28:13-43
168            android:exported="false"
168-->[com.google.firebase:firebase-common:20.2.0] AndroidManifest.xml:29:13-37
169            android:initOrder="100" />
169-->[com.google.firebase:firebase-common:20.2.0] AndroidManifest.xml:30:13-36
170        <provider
170-->[androidx.emoji2:emoji2:1.2.0] AndroidManifest.xml:24:9-32:20
171            android:name="androidx.startup.InitializationProvider"
171-->[androidx.emoji2:emoji2:1.2.0] AndroidManifest.xml:25:13-67
172            android:authorities="com.puj.taller03_cm.androidx-startup"
172-->[androidx.emoji2:emoji2:1.2.0] AndroidManifest.xml:26:13-68
173            android:exported="false" >
173-->[androidx.emoji2:emoji2:1.2.0] AndroidManifest.xml:27:13-37
174            <meta-data
174-->[androidx.emoji2:emoji2:1.2.0] AndroidManifest.xml:29:13-31:52
175                android:name="androidx.emoji2.text.EmojiCompatInitializer"
175-->[androidx.emoji2:emoji2:1.2.0] AndroidManifest.xml:30:17-75
176                android:value="androidx.startup" />
176-->[androidx.emoji2:emoji2:1.2.0] AndroidManifest.xml:31:17-49
177            <meta-data
177-->[androidx.lifecycle:lifecycle-process:2.4.1] AndroidManifest.xml:31:13-33:52
178                android:name="androidx.lifecycle.ProcessLifecycleInitializer"
178-->[androidx.lifecycle:lifecycle-process:2.4.1] AndroidManifest.xml:32:17-78
179                android:value="androidx.startup" />
179-->[androidx.lifecycle:lifecycle-process:2.4.1] AndroidManifest.xml:33:17-49
180        </provider>
181    </application>
182
183</manifest>